<?xml version="1.0" encoding="UTF-8"?>
<testng-results skipped="0" failed="0" ignored="0" total="1" passed="1">
  <reporter-output>
  </reporter-output>
  <suite name="Default suite" duration-ms="26940" started-at="2018-09-24T18:05:30Z" finished-at="2018-09-24T18:05:57Z">
    <groups>
    </groups>
    <test name="Default test" duration-ms="26940" started-at="2018-09-24T18:05:30Z" finished-at="2018-09-24T18:05:57Z">
      <class name="com.flipkart.qa.testcases.LoginTest_FromSingleExcelRecord">
        <test-method status="PASS" signature="setup()[pri:0, instance:com.flipkart.qa.testcases.LoginTest_FromSingleExcelRecord@14bf9759]" name="setup" is-config="true" duration-ms="24782" started-at="2018-09-24T18:05:30Z" finished-at="2018-09-24T18:05:55Z">
          <reporter-output>
          </reporter-output>
        </test-method> <!-- setup -->
        <test-method status="PASS" signature="loginTest()[pri:0, instance:com.flipkart.qa.testcases.LoginTest_FromSingleExcelRecord@14bf9759]" name="loginTest" duration-ms="1397" started-at="2018-09-24T18:05:55Z" finished-at="2018-09-24T18:05:56Z">
          <reporter-output>
          </reporter-output>
        </test-method> <!-- loginTest -->
        <test-method status="PASS" signature="tearDown()[pri:0, instance:com.flipkart.qa.testcases.LoginTest_FromSingleExcelRecord@14bf9759]" name="tearDown" is-config="true" duration-ms="725" started-at="2018-09-24T18:05:56Z" finished-at="2018-09-24T18:05:57Z">
          <reporter-output>
          </reporter-output>
        </test-method> <!-- tearDown -->
      </class> <!-- com.flipkart.qa.testcases.LoginTest_FromSingleExcelRecord -->
    </test> <!-- Default test -->
  </suite> <!-- Default suite -->
</testng-results>
